Sat Nov 11 2023 10:46:32 GMT-0600 (Central Standard Time)	74ab14ad-937a-42ab-b0a6-22d89ecf85c6	TypeError:Cannot read properties of null (reading 'toJSON')	GET	/user/getInfo	http://localhost:3000
Sat Nov 11 2023 10:46:32 GMT-0600 (Central Standard Time)	718ad390-1c7c-4bc5-b5ba-141b84560f25	TypeError:Cannot read properties of null (reading 'toJSON')	GET	/notification/getNotificationList	http://localhost:3000
Sat Nov 11 2023 10:47:10 GMT-0600 (Central Standard Time)	a1578f90-fd2b-47e8-a3b1-d4764eb54e42	TypeError:Cannot read properties of null (reading 'toJSON')	GET	/user/getInfo	http://localhost:3000
Sat Nov 11 2023 10:47:10 GMT-0600 (Central Standard Time)	26c0399d-7544-4219-bc9b-1abfe76b573a	TypeError:Cannot read properties of null (reading 'toJSON')	GET	/favor/getFavorSummary	http://localhost:3000
Sat Nov 11 2023 10:47:10 GMT-0600 (Central Standard Time)	ccde9017-00bd-4138-b0ab-f17e99ba9e62	TypeError:Cannot read properties of null (reading 'toJSON')	GET	/favor/getPendingFavor	http://localhost:3000
Sat Nov 11 2023 10:47:10 GMT-0600 (Central Standard Time)	c77886a9-a65a-46aa-a653-8ec724e169ea	TypeError:Cannot read properties of null (reading 'toJSON')	GET	/favor/getFavorHistory	http://localhost:3000
Sat Nov 11 2023 10:47:10 GMT-0600 (Central Standard Time)	cd7ab220-5903-496e-bc84-2f8ded31bdd6	TypeError:Cannot read properties of null (reading 'toJSON')	GET	/debt/getDebtSummary	http://localhost:3000
Sat Nov 11 2023 10:47:10 GMT-0600 (Central Standard Time)	3bd21e40-6b1a-41c0-b0aa-ca570d443b40	TypeError:Cannot read properties of null (reading 'toJSON')	GET	/repay/getRepayHistory	http://localhost:3000
Sat Nov 11 2023 10:47:10 GMT-0600 (Central Standard Time)	cefc4e5f-41a0-411c-95d1-cf6b47670d94	TypeError:Cannot read properties of null (reading 'toJSON')	GET	/repay/getPendingRepay	http://localhost:3000
Sat Nov 11 2023 10:47:10 GMT-0600 (Central Standard Time)	692269f1-43ac-432e-a535-9d653837546d	TypeError:Cannot read properties of null (reading 'toJSON')	GET	/contact/getContacts	http://localhost:3000
Sat Nov 11 2023 10:47:10 GMT-0600 (Central Standard Time)	48816277-2833-4cdf-9cf6-ea7543563843	TypeError:Cannot read properties of null (reading 'toJSON')	GET	/notification/getNotificationList	http://localhost:3000
Sat Nov 11 2023 10:47:10 GMT-0600 (Central Standard Time)	9d605860-a007-4078-ac08-cc1f873ff8fc	TypeError:Cannot read properties of null (reading 'toJSON')	GET	/messenger/getConversationsInfo	http://localhost:3000
Sat Nov 11 2023 10:47:10 GMT-0600 (Central Standard Time)	5e6a13e8-851d-4490-81c4-7024e5787886	TypeError:Cannot read properties of null (reading 'toJSON')	GET	/debt/getDebtHistory	http://localhost:3000
Sat Nov 11 2023 10:47:10 GMT-0600 (Central Standard Time)	fb6d5470-d180-4fc9-acde-e553318f03bf	TypeError:Cannot destructure property 'pokeCollection' of 'userInfo' as it is null.	GET	/pokegene/getCollection	http://localhost:3000
Sat Nov 11 2023 10:47:42 GMT-0600 (Central Standard Time)	e98148ab-3c28-451e-8d26-df6650baff9f	TypeError:Cannot read properties of null (reading 'toJSON')	GET	/user/getInfo	http://localhost:3000
Sat Nov 11 2023 10:47:42 GMT-0600 (Central Standard Time)	ea8c44df-f64a-4518-8108-97db66144ab5	TypeError:Cannot read properties of null (reading 'toJSON')	GET	/favor/getFavorSummary	http://localhost:3000
Sat Nov 11 2023 10:47:42 GMT-0600 (Central Standard Time)	14dfaa6d-9cb8-4a47-9707-d9b00c22df8b	TypeError:Cannot read properties of null (reading 'toJSON')	GET	/favor/getFavorHistory	http://localhost:3000
Sat Nov 11 2023 10:47:42 GMT-0600 (Central Standard Time)	6f29b53c-739e-4623-9bc7-72d65d7d1d4d	TypeError:Cannot read properties of null (reading 'toJSON')	GET	/favor/getPendingFavor	http://localhost:3000
Sat Nov 11 2023 10:47:42 GMT-0600 (Central Standard Time)	4e601245-6ee5-4185-8ca5-92824d097915	TypeError:Cannot read properties of null (reading 'toJSON')	GET	/debt/getDebtSummary	http://localhost:3000
Sat Nov 11 2023 10:47:42 GMT-0600 (Central Standard Time)	20d7c700-4b51-4b7c-94d3-2f01933b2f97	TypeError:Cannot read properties of null (reading 'toJSON')	GET	/debt/getDebtHistory	http://localhost:3000
Sat Nov 11 2023 10:47:42 GMT-0600 (Central Standard Time)	e78f9fac-5dc3-4939-8dcb-83e7ee617db4	TypeError:Cannot read properties of null (reading 'toJSON')	GET	/repay/getRepayHistory	http://localhost:3000
Sat Nov 11 2023 10:47:42 GMT-0600 (Central Standard Time)	b407ebf2-16d2-416f-9447-a415f10a4eb6	TypeError:Cannot read properties of null (reading 'toJSON')	GET	/repay/getPendingRepay	http://localhost:3000
Sat Nov 11 2023 10:47:42 GMT-0600 (Central Standard Time)	91799e21-9002-44d6-8e09-ac3d2374ecf9	TypeError:Cannot read properties of null (reading 'toJSON')	GET	/contact/getContacts	http://localhost:3000
Sat Nov 11 2023 10:47:42 GMT-0600 (Central Standard Time)	3a18a9eb-3812-4241-9418-a5585dc1adb5	TypeError:Cannot read properties of null (reading 'toJSON')	GET	/messenger/getConversationsInfo	http://localhost:3000
Sat Nov 11 2023 10:47:42 GMT-0600 (Central Standard Time)	537ed588-9740-42d0-a22c-30edb0fbdf81	TypeError:Cannot read properties of null (reading 'toJSON')	GET	/notification/getNotificationList	http://localhost:3000
Sat Nov 11 2023 10:47:42 GMT-0600 (Central Standard Time)	537363db-b88e-4729-8b03-2af49cd3011e	TypeError:Cannot destructure property 'pokeCollection' of 'userInfo' as it is null.	GET	/pokegene/getCollection	http://localhost:3000
Sat Nov 11 2023 10:48:23 GMT-0600 (Central Standard Time)	f48dd624-d0f2-4567-a353-b80c9e536472	TypeError:Cannot read properties of null (reading 'toJSON')	GET	/user/getInfo	http://localhost:3000
Sat Nov 11 2023 10:48:23 GMT-0600 (Central Standard Time)	4dd7d4f5-318c-41c6-aa61-6b6f46269f05	TypeError:Cannot read properties of null (reading 'toJSON')	GET	/favor/getFavorSummary	http://localhost:3000
Sat Nov 11 2023 10:48:23 GMT-0600 (Central Standard Time)	a73bae28-5e0f-4848-80a1-7a36ddc4310a	TypeError:Cannot read properties of null (reading 'toJSON')	GET	/favor/getPendingFavor	http://localhost:3000
Sat Nov 11 2023 10:48:23 GMT-0600 (Central Standard Time)	33ef0617-65ad-4dc9-85f4-d952790f7b90	TypeError:Cannot read properties of null (reading 'toJSON')	GET	/favor/getFavorHistory	http://localhost:3000
Sat Nov 11 2023 10:48:23 GMT-0600 (Central Standard Time)	28886110-8270-419e-b193-7cd898de80af	TypeError:Cannot read properties of null (reading 'toJSON')	GET	/repay/getRepayHistory	http://localhost:3000
Sat Nov 11 2023 10:48:23 GMT-0600 (Central Standard Time)	29164b7f-8355-459f-ba93-3b87977373f8	TypeError:Cannot read properties of null (reading 'toJSON')	GET	/debt/getDebtSummary	http://localhost:3000
Sat Nov 11 2023 10:48:23 GMT-0600 (Central Standard Time)	4795a4eb-f75e-4ea1-bb76-b4afaa506889	TypeError:Cannot read properties of null (reading 'toJSON')	GET	/messenger/getConversationsInfo	http://localhost:3000
Sat Nov 11 2023 10:48:23 GMT-0600 (Central Standard Time)	eb1a8cac-fbf4-41cc-b0a9-42189aeda68c	TypeError:Cannot read properties of null (reading 'toJSON')	GET	/debt/getDebtHistory	http://localhost:3000
Sat Nov 11 2023 10:48:23 GMT-0600 (Central Standard Time)	7cf652cf-e148-44ae-a44e-d4b5756422ec	TypeError:Cannot read properties of null (reading 'toJSON')	GET	/repay/getPendingRepay	http://localhost:3000
Sat Nov 11 2023 10:48:23 GMT-0600 (Central Standard Time)	217bcea6-f569-4d5b-adb3-dda0b11c6bf5	TypeError:Cannot read properties of null (reading 'toJSON')	GET	/contact/getContacts	http://localhost:3000
Sat Nov 11 2023 10:48:23 GMT-0600 (Central Standard Time)	41647189-463f-43fa-9cfd-12912be533a0	TypeError:Cannot read properties of null (reading 'toJSON')	GET	/notification/getNotificationList	http://localhost:3000
Sat Nov 11 2023 10:48:23 GMT-0600 (Central Standard Time)	76adc110-3f09-4d37-9943-6f2fe88d1a8e	TypeError:Cannot destructure property 'pokeCollection' of 'userInfo' as it is null.	GET	/pokegene/getCollection	http://localhost:3000
Sat Nov 11 2023 10:50:12 GMT-0600 (Central Standard Time)	1f92945c-df4b-4ab6-b01c-b775ebb09a7d	TypeError:Cannot read properties of null (reading 'toJSON')	GET	/user/getInfo	http://localhost:3000
Sat Nov 11 2023 10:50:12 GMT-0600 (Central Standard Time)	b75730e9-526c-4eee-b1b8-ae74ad3c85e5	TypeError:Cannot read properties of null (reading 'toJSON')	GET	/favor/getFavorSummary	http://localhost:3000
Sat Nov 11 2023 10:50:12 GMT-0600 (Central Standard Time)	692c0b7a-975e-4a97-bca6-385dd6a976a0	TypeError:Cannot read properties of null (reading 'toJSON')	GET	/favor/getFavorHistory	http://localhost:3000
Sat Nov 11 2023 10:50:12 GMT-0600 (Central Standard Time)	e30de53f-111d-41cf-8dc7-22f6a89aec85	TypeError:Cannot read properties of null (reading 'toJSON')	GET	/favor/getPendingFavor	http://localhost:3000
Sat Nov 11 2023 10:50:12 GMT-0600 (Central Standard Time)	6eede889-6e32-4066-b9b7-367506a503ed	TypeError:Cannot read properties of null (reading 'toJSON')	GET	/debt/getDebtSummary	http://localhost:3000
Sat Nov 11 2023 10:50:12 GMT-0600 (Central Standard Time)	625b6b70-5947-4d70-b98f-6ff06af8d512	TypeError:Cannot read properties of null (reading 'toJSON')	GET	/repay/getRepayHistory	http://localhost:3000
Sat Nov 11 2023 10:50:12 GMT-0600 (Central Standard Time)	e77ceab1-aaef-4a28-93a3-3c306826a350	TypeError:Cannot read properties of null (reading 'toJSON')	GET	/repay/getPendingRepay	http://localhost:3000
Sat Nov 11 2023 10:50:12 GMT-0600 (Central Standard Time)	1f104795-46b4-4313-959a-2a7a3060beb4	TypeError:Cannot read properties of null (reading 'toJSON')	GET	/debt/getDebtHistory	http://localhost:3000
Sat Nov 11 2023 10:50:12 GMT-0600 (Central Standard Time)	2c22feac-6fe0-498e-8f32-bc7974b2ea54	TypeError:Cannot read properties of null (reading 'toJSON')	GET	/contact/getContacts	http://localhost:3000
Sat Nov 11 2023 10:50:12 GMT-0600 (Central Standard Time)	31c30275-749a-40e4-8925-b34a9a454c66	TypeError:Cannot read properties of null (reading 'toJSON')	GET	/notification/getNotificationList	http://localhost:3000
Sat Nov 11 2023 10:50:12 GMT-0600 (Central Standard Time)	e6353418-3fd5-448f-bd37-e467ec49db4f	TypeError:Cannot read properties of null (reading 'toJSON')	GET	/messenger/getConversationsInfo	http://localhost:3000
Sat Nov 11 2023 10:50:12 GMT-0600 (Central Standard Time)	07ab5372-0ab1-41b2-88f7-7fc29d8ca08e	TypeError:Cannot destructure property 'pokeCollection' of 'userInfo' as it is null.	GET	/pokegene/getCollection	http://localhost:3000
